<?xml version="1.0" encoding="UTF-8"?>
<!-- Generated by org.testng.reporters.JUnitReportReporter -->
<testsuite hostname="LAPTOP-QVHSJR93" failures="0" tests="2" name="MavenExample.ReadingDataFromCommandLineTest" time="0.017" errors="0" timestamp="09 May 2022 11:31:55 GMT" skipped="0">
  <testcase classname="MavenExample.ReadingDataFromCommandLineTest" name="regressionTest" time="0.003"/>
  <testcase classname="MavenExample.ReadingDataFromCommandLineTest" name="readingDataFromCommandTest" time="0.014"/>
</testsuite> <!-- MavenExample.ReadingDataFromCommandLineTest -->
